c:\users\owen\documents\visual studio 2015\projects\marchingcubes\volumetricsdemo\volumetricsdemo\debug\vc140.pdb
c:\users\owen\documents\visual studio 2015\projects\marchingcubes\volumetricsdemo\volumetricsdemo\debug\vc140.idb
c:\users\owen\documents\visual studio 2015\projects\marchingcubes\volumetricsdemo\volumetricsdemo\debug\shader_program.nativecodeanalysis.xml
c:\users\owen\documents\visual studio 2015\projects\marchingcubes\volumetricsdemo\volumetricsdemo\debug\atmospheric_scattering.nativecodeanalysis.xml
c:\users\owen\documents\visual studio 2015\projects\marchingcubes\volumetricsdemo\volumetricsdemo\debug\camera.nativecodeanalysis.xml
c:\users\owen\documents\visual studio 2015\projects\marchingcubes\volumetricsdemo\volumetricsdemo\debug\main.nativecodeanalysis.xml
c:\users\owen\documents\visual studio 2015\projects\marchingcubes\volumetricsdemo\volumetricsdemo\debug\noise_util.nativecodeanalysis.xml
c:\users\owen\documents\visual studio 2015\projects\marchingcubes\volumetricsdemo\volumetricsdemo\debug\ocean.nativecodeanalysis.xml
c:\users\owen\documents\visual studio 2015\projects\marchingcubes\volumetricsdemo\volumetricsdemo\debug\ocean.obj
c:\users\owen\documents\visual studio 2015\projects\marchingcubes\volumetricsdemo\volumetricsdemo\debug\noise_util.obj
c:\users\owen\documents\visual studio 2015\projects\marchingcubes\volumetricsdemo\volumetricsdemo\debug\main.obj
c:\users\owen\documents\visual studio 2015\projects\marchingcubes\volumetricsdemo\volumetricsdemo\debug\camera.obj
c:\users\owen\documents\visual studio 2015\projects\marchingcubes\volumetricsdemo\volumetricsdemo\debug\atmospheric_scattering.obj
c:\users\owen\documents\visual studio 2015\projects\marchingcubes\volumetricsdemo\volumetricsdemo\debug\shader_program.obj
c:\users\owen\documents\visual studio 2015\projects\marchingcubes\volumetricsdemo\debug\volumetricsdemo.ilk
c:\users\owen\documents\visual studio 2015\projects\marchingcubes\volumetricsdemo\debug\volumetricsdemo.exe
c:\users\owen\documents\visual studio 2015\projects\marchingcubes\volumetricsdemo\debug\volumetricsdemo.pdb
c:\users\owen\documents\visual studio 2015\projects\marchingcubes\volumetricsdemo\volumetricsdemo\debug\volumetricsdemo.res
c:\users\owen\documents\visual studio 2015\projects\marchingcubes\volumetricsdemo\volumetricsdemo\debug\nativecodeanalysis.read.1.tlog
c:\users\owen\documents\visual studio 2015\projects\marchingcubes\volumetricsdemo\volumetricsdemo\debug\vc.nativecodeanalysis.all.xml
c:\users\owen\documents\visual studio 2015\projects\marchingcubes\volumetricsdemo\debug\volumetricsdemo.exe.lastcodeanalysissucceeded
c:\users\owen\documents\visual studio 2015\projects\marchingcubes\volumetricsdemo\volumetricsdemo\debug\volumetricsdemo.tlog\cl.command.1.tlog
c:\users\owen\documents\visual studio 2015\projects\marchingcubes\volumetricsdemo\volumetricsdemo\debug\volumetricsdemo.tlog\cl.read.1.tlog
c:\users\owen\documents\visual studio 2015\projects\marchingcubes\volumetricsdemo\volumetricsdemo\debug\volumetricsdemo.tlog\cl.write.1.tlog
c:\users\owen\documents\visual studio 2015\projects\marchingcubes\volumetricsdemo\volumetricsdemo\debug\volumetricsdemo.tlog\link.command.1.tlog
c:\users\owen\documents\visual studio 2015\projects\marchingcubes\volumetricsdemo\volumetricsdemo\debug\volumetricsdemo.tlog\link.read.1.tlog
c:\users\owen\documents\visual studio 2015\projects\marchingcubes\volumetricsdemo\volumetricsdemo\debug\volumetricsdemo.tlog\link.write.1.tlog
c:\users\owen\documents\visual studio 2015\projects\marchingcubes\volumetricsdemo\volumetricsdemo\debug\volumetricsdemo.tlog\rc.command.1.tlog
c:\users\owen\documents\visual studio 2015\projects\marchingcubes\volumetricsdemo\volumetricsdemo\debug\volumetricsdemo.tlog\rc.read.1.tlog
c:\users\owen\documents\visual studio 2015\projects\marchingcubes\volumetricsdemo\volumetricsdemo\debug\volumetricsdemo.tlog\rc.write.1.tlog
